<?xml version="1.0" encoding="UTF-8"?>
<!-- Generated by org.testng.reporters.JUnitXMLReporter -->
<testsuite hostname="Frats-MacBook-Air.local" ignored="0" name="FireFoxLogin" tests="1" failures="1" timestamp="22 Dec 2020 08:06:29 GMT" time="23.729" errors="0">
  <testcase name="CloseWindow" time="1.316" classname="Assignment.ButikLink">
    <failure type="java.lang.NullPointerException">
      <![CDATA[java.lang.NullPointerException
at org.openqa.selenium.support.pagefactory.DefaultElementLocator.findElement(DefaultElementLocator.java:69)
at org.openqa.selenium.support.pagefactory.internal.LocatingElementHandler.invoke(LocatingElementHandler.java:38)
at com.sun.proxy.$Proxy9.click(Unknown Source)
at Assignment.LoginFunction.RoadtoLogin(LoginFunction.java:35)
at Assignment.ButikLink.CloseWindow(ButikLink.java:28)
at java.util.concurrent.FutureTask.run(FutureTask.java:266)
at java.util.concurrent.ThreadPoolExecutor.runWorker(ThreadPoolExecutor.java:1149)
at java.util.concurrent.ThreadPoolExecutor$Worker.run(ThreadPoolExecutor.java:624)
at java.lang.Thread.run(Thread.java:748)
... Removed 16 stack frames]]>
    </failure>
  </testcase> <!-- CloseWindow -->
</testsuite> <!-- FireFoxLogin -->
