<?xml version="1.0" encoding="UTF-8"?>
<!-- Generated by org.testng.reporters.JUnitXMLReporter -->
<testsuite hostname="Frats-MacBook-Air.local" ignored="0" name="LinkCountforFirefox" tests="3" failures="0" timestamp="23 Dec 2020 11:43:58 GMT" time="245.324" errors="0">
  <testcase name="CloseWindow" time="3.659" classname="Assignment.ButikLink"/>
  <testcase name="ScrollDown" time="19.525" classname="Assignment.ButikLink"/>
  <testcase name="CapturetheLinks" time="196.888" classname="Assignment.ButikLink"/>
</testsuite> <!-- LinkCountforFirefox -->
