<?xml version="1.0" encoding="UTF-8"?>
<testng-results skipped="0" failed="0" ignored="0" total="1" passed="1">
  <reporter-output>
  </reporter-output>
  <suite name="Default suite" duration-ms="48325" started-at="2020-12-23T12:07:02Z" finished-at="2020-12-23T12:07:50Z">
    <groups>
    </groups>
    <test name="Default test" duration-ms="48325" started-at="2020-12-23T12:07:02Z" finished-at="2020-12-23T12:07:50Z">
      <class name="Assignment.Response">
        <test-method status="PASS" signature="ResponseTime()[pri:0, instance:Assignment.Response@55ca8de8]" name="ResponseTime" duration-ms="48132" started-at="2020-12-23T12:07:02Z" finished-at="2020-12-23T12:07:50Z">
          <reporter-output>
          </reporter-output>
        </test-method> <!-- ResponseTime -->
      </class> <!-- Assignment.Response -->
    </test> <!-- Default test -->
  </suite> <!-- Default suite -->
</testng-results>
